Using pre-set license
Built from '2020.2/release' branch; Version is '2020.2.2f1 (068178b99f32) revision 426360'; Using compiler version '192528614'; Build Type 'Release'
OS: 'Windows 10 Home Single Language; OS build 17134.1246; Version 1803; 64bit' Language: 'en' Physical Memory: 16234 MB
BatchMode: 1, IsHumanControllingUs: 0, StartBugReporterOnCrash: 0, Is64bit: 1, IsPro: 0

 COMMAND LINE ARGUMENTS:
C:\Program Files\Unity\Hub\Editor\2020.2.2f1\Editor\Unity.exe
-adb2
-batchMode
-noUpm
-name
AssetImportWorker0
-projectPath
D:/GithubDesktop/Unity/TugasIncremental/Tugas-Incremental-Game/Incremental Game
-logFile
Logs/AssetImportWorker0.log
-srvPort
56134
Successfully changed project path to: D:/GithubDesktop/Unity/TugasIncremental/Tugas-Incremental-Game/Incremental Game
D:/GithubDesktop/Unity/TugasIncremental/Tugas-Incremental-Game/Incremental Game
Using Asset Import Pipeline V2.
Refreshing native plugins compatible for Editor in 53.25 ms, found 1 plugins.
Preloading 0 native plugins for Editor in 0.00 ms.
Initialize engine version: 2020.2.2f1 (068178b99f32)
[Subsystems] Discovering subsystems at path C:/Program Files/Unity/Hub/Editor/2020.2.2f1/Editor/Data/Resources/UnitySubsystems
[Subsystems] Discovering subsystems at path D:/GithubDesktop/Unity/TugasIncremental/Tugas-Incremental-Game/Incremental Game/Assets
GfxDevice: creating device client; threaded=0
Direct3D:
    Version:  Direct3D 11.0 [level 11.1]
    Renderer: NVIDIA GeForce GTX 1050 (ID=0x1c8d)
    Vendor:   
    VRAM:     4019 MB
    Driver:   27.21.14.6589
Initialize mono
Mono path[0] = 'C:/Program Files/Unity/Hub/Editor/2020.2.2f1/Editor/Data/Managed'
Mono path[1] = 'C:/Program Files/Unity/Hub/Editor/2020.2.2f1/Editor/Data/MonoBleedingEdge/lib/mono/unityjit'
Mono config path = 'C:/Program Files/Unity/Hub/Editor/2020.2.2f1/Editor/Data/MonoBleedingEdge/etc'
Using monoOptions --debugger-agent=transport=dt_socket,embedding=1,server=y,suspend=n,address=127.0.0.1:56076
Begin MonoManager ReloadAssembly
Registering precompiled unity dll's ...
Register platform support module: C:/Program Files/Unity/Hub/Editor/2020.2.2f1/Editor/Data/PlaybackEngines/WindowsStandaloneSupport/UnityEditor.WindowsStandalone.Extensions.dll
Registered in 0.004277 seconds.
Native extension for WindowsStandalone target not found
Refreshing native plugins compatible for Editor in 50.40 ms, found 1 plugins.
Preloading 0 native plugins for Editor in 0.00 ms.
Invoked RoslynAnalysisRunner static constructor.
RoslynAnalysisRunner will not be running.
RoslynAnalysisRunner has terminated.
Mono: successfully reloaded assembly
- Completed reload, in  3.404 seconds
Platform modules already initialized, skipping
Registering precompiled user dll's ...
Registered in 0.001804 seconds.
Begin MonoManager ReloadAssembly
Native extension for WindowsStandalone target not found
Refreshing native plugins compatible for Editor in 47.40 ms, found 1 plugins.
Preloading 0 native plugins for Editor in 0.00 ms.
Invoked RoslynAnalysisRunner static constructor.
RoslynAnalysisRunner will not be running.
RoslynAnalysisRunner has terminated.
Mono: successfully reloaded assembly
- Completed reload, in  1.304 seconds
Platform modules already initialized, skipping
========================================================================
Worker process is ready to serve import requests
Launched and connected shader compiler UnityShaderCompiler.exe after 0.05 seconds
Refreshing native plugins compatible for Editor in 0.38 ms, found 1 plugins.
Preloading 0 native plugins for Editor in 0.00 ms.
Unloading 1796 Unused Serialized files (Serialized files now loaded: 0)
System memory in use before: 85.0 MB.
System memory in use after: 84.9 MB.

Unloading 24 unused Assets to reduce memory usage. Loaded Objects now: 2239.
Total: 3.883136 ms (FindLiveObjects: 0.504580 ms CreateObjectMapping: 0.193855 ms MarkObjects: 3.013106 ms  DeleteObjects: 0.168348 ms)

========================================================================
Received Import Request.
  path: Assets/Prefab/ResourceUI.prefab
  artifactKey: Guid(5ae0ae8178481d248b7f6cf176edd3c0) Importer(815301076,1909f56bfc062723c751e8b465ee728b)
Start importing Assets/Prefab/ResourceUI.prefab using Guid(5ae0ae8178481d248b7f6cf176edd3c0) Importer(815301076,1909f56bfc062723c751e8b465ee728b)  -> (artifact id: '4574d1edef3c93ef0933a2e1fd42f6c3') in 0.078670 seconds
  Import took 0.094899 seconds .

========================================================================
Received Import Request.
  Time since last request: 2.187535 seconds.
  path: Assets/Prefab/ResourceUI.prefab
  artifactKey: Guid(5ae0ae8178481d248b7f6cf176edd3c0) Importer(815301076,1909f56bfc062723c751e8b465ee728b)
Start importing Assets/Prefab/ResourceUI.prefab using Guid(5ae0ae8178481d248b7f6cf176edd3c0) Importer(815301076,1909f56bfc062723c751e8b465ee728b)  -> (artifact id: 'e53a94e6975e4aafdd791abcb59c044e') in 0.013159 seconds
  Import took 0.028271 seconds .

========================================================================
Received Import Request.
  Time since last request: 56.998998 seconds.
  path: Assets/Prefab/ResourceUI.prefab
  artifactKey: Guid(5ae0ae8178481d248b7f6cf176edd3c0) Importer(815301076,1909f56bfc062723c751e8b465ee728b)
Start importing Assets/Prefab/ResourceUI.prefab using Guid(5ae0ae8178481d248b7f6cf176edd3c0) Importer(815301076,1909f56bfc062723c751e8b465ee728b)  -> (artifact id: '16c07d85bb65ac39fc42d43cac5753b3') in 0.010080 seconds
  Import took 0.015889 seconds .

========================================================================
Received Prepare
Registering precompiled user dll's ...
Registered in 0.002348 seconds.
Begin MonoManager ReloadAssembly
Native extension for WindowsStandalone target not found
Refreshing native plugins compatible for Editor in 0.38 ms, found 1 plugins.
Preloading 0 native plugins for Editor in 0.00 ms.
Invoked RoslynAnalysisRunner static constructor.
RoslynAnalysisRunner will not be running.
RoslynAnalysisRunner has terminated.
Mono: successfully reloaded assembly
- Completed reload, in  1.106 seconds
Platform modules already initialized, skipping
Refreshing native plugins compatible for Editor in 0.51 ms, found 1 plugins.
Preloading 0 native plugins for Editor in 0.00 ms.
Unloading 1791 Unused Serialized files (Serialized files now loaded: 0)
System memory in use before: 85.1 MB.
System memory in use after: 85.1 MB.

Unloading 13 unused Assets to reduce memory usage. Loaded Objects now: 2244.
Total: 3.533454 ms (FindLiveObjects: 0.283826 ms CreateObjectMapping: 0.110841 ms MarkObjects: 2.955135 ms  DeleteObjects: 0.182261 ms)

========================================================================
Received Prepare
Registering precompiled user dll's ...
Registered in 0.001395 seconds.
Begin MonoManager ReloadAssembly
Native extension for WindowsStandalone target not found
Refreshing native plugins compatible for Editor in 0.32 ms, found 1 plugins.
Preloading 0 native plugins for Editor in 0.00 ms.
Invoked RoslynAnalysisRunner static constructor.
RoslynAnalysisRunner will not be running.
RoslynAnalysisRunner has terminated.
Mono: successfully reloaded assembly
- Completed reload, in  1.031 seconds
Platform modules already initialized, skipping
Refreshing native plugins compatible for Editor in 0.38 ms, found 1 plugins.
Preloading 0 native plugins for Editor in 0.00 ms.
Unloading 1791 Unused Serialized files (Serialized files now loaded: 0)
System memory in use before: 85.2 MB.
System memory in use after: 85.2 MB.

Unloading 12 unused Assets to reduce memory usage. Loaded Objects now: 2247.
Total: 2.716757 ms (FindLiveObjects: 0.450319 ms CreateObjectMapping: 0.204058 ms MarkObjects: 1.957568 ms  DeleteObjects: 0.102957 ms)

========================================================================
Received Import Request.
  Time since last request: 1308.916318 seconds.
  path: Assets/Prefab/ResourceUI.prefab
  artifactKey: Guid(5ae0ae8178481d248b7f6cf176edd3c0) Importer(815301076,1909f56bfc062723c751e8b465ee728b)
Start importing Assets/Prefab/ResourceUI.prefab using Guid(5ae0ae8178481d248b7f6cf176edd3c0) Importer(815301076,1909f56bfc062723c751e8b465ee728b)  -> (artifact id: 'f455b3a46a89ebb047cb24664efe68a1') in 0.045312 seconds
  Import took 0.062790 seconds .

========================================================================
Received Import Request.
  Time since last request: 6.194519 seconds.
  path: Assets/Prefab/ResourceUI.prefab
  artifactKey: Guid(5ae0ae8178481d248b7f6cf176edd3c0) Importer(815301076,1909f56bfc062723c751e8b465ee728b)
Start importing Assets/Prefab/ResourceUI.prefab using Guid(5ae0ae8178481d248b7f6cf176edd3c0) Importer(815301076,1909f56bfc062723c751e8b465ee728b)  -> (artifact id: '0537e882c7353c414d28a9dbe1ff7b9c') in 0.005261 seconds
  Import took 0.016408 seconds .

========================================================================
Received Import Request.
  Time since last request: 2.821088 seconds.
  path: Assets/Prefab/ResourceUI.prefab
  artifactKey: Guid(5ae0ae8178481d248b7f6cf176edd3c0) Importer(815301076,1909f56bfc062723c751e8b465ee728b)
Start importing Assets/Prefab/ResourceUI.prefab using Guid(5ae0ae8178481d248b7f6cf176edd3c0) Importer(815301076,1909f56bfc062723c751e8b465ee728b)  -> (artifact id: '8d5406a21fa01dcdbffb01a0fe1c319a') in 0.007629 seconds
  Import took 0.010936 seconds .

========================================================================
Received Import Request.
  Time since last request: 4.406598 seconds.
  path: Assets/Prefab/ResourceUI.prefab
  artifactKey: Guid(5ae0ae8178481d248b7f6cf176edd3c0) Importer(815301076,1909f56bfc062723c751e8b465ee728b)
Start importing Assets/Prefab/ResourceUI.prefab using Guid(5ae0ae8178481d248b7f6cf176edd3c0) Importer(815301076,1909f56bfc062723c751e8b465ee728b)  -> (artifact id: '658057089fb3612275753c9fd70e2f6d') in 0.005485 seconds
  Import took 0.021337 seconds .

========================================================================
Received Prepare
Registering precompiled user dll's ...
Registered in 0.001178 seconds.
Begin MonoManager ReloadAssembly
Native extension for WindowsStandalone target not found
Refreshing native plugins compatible for Editor in 0.34 ms, found 1 plugins.
Preloading 0 native plugins for Editor in 0.00 ms.
Invoked RoslynAnalysisRunner static constructor.
RoslynAnalysisRunner will not be running.
RoslynAnalysisRunner has terminated.
Mono: successfully reloaded assembly
- Completed reload, in  0.936 seconds
Platform modules already initialized, skipping
Refreshing native plugins compatible for Editor in 0.34 ms, found 1 plugins.
Preloading 0 native plugins for Editor in 0.00 ms.
Unloading 1791 Unused Serialized files (Serialized files now loaded: 0)
System memory in use before: 85.3 MB.
System memory in use after: 85.3 MB.

Unloading 13 unused Assets to reduce memory usage. Loaded Objects now: 2250.
Total: 2.118959 ms (FindLiveObjects: 0.163247 ms CreateObjectMapping: 0.058435 ms MarkObjects: 1.800814 ms  DeleteObjects: 0.095073 ms)

========================================================================
Received Import Request.
  Time since last request: 44.472007 seconds.
  path: Assets/Prefab/ResourceUI.prefab
  artifactKey: Guid(5ae0ae8178481d248b7f6cf176edd3c0) Importer(815301076,1909f56bfc062723c751e8b465ee728b)
Start importing Assets/Prefab/ResourceUI.prefab using Guid(5ae0ae8178481d248b7f6cf176edd3c0) Importer(815301076,1909f56bfc062723c751e8b465ee728b)  -> (artifact id: '4cc595e7d6fd67fb1e59a4fa8a17ecfd') in 0.035954 seconds
  Import took 0.038752 seconds .

========================================================================
Received Import Request.
  Time since last request: 15.019611 seconds.
  path: Assets/Prefab/ResourceUI.prefab
  artifactKey: Guid(5ae0ae8178481d248b7f6cf176edd3c0) Importer(815301076,1909f56bfc062723c751e8b465ee728b)
Start importing Assets/Prefab/ResourceUI.prefab using Guid(5ae0ae8178481d248b7f6cf176edd3c0) Importer(815301076,1909f56bfc062723c751e8b465ee728b)  -> (artifact id: '38d898f90e43111091ca18b0d93d6d0d') in 0.007044 seconds
  Import took 0.015417 seconds .

========================================================================
Received Prepare
Registering precompiled user dll's ...
Registered in 0.001156 seconds.
Begin MonoManager ReloadAssembly
Native extension for WindowsStandalone target not found
Refreshing native plugins compatible for Editor in 0.47 ms, found 1 plugins.
Preloading 0 native plugins for Editor in 0.00 ms.
Invoked RoslynAnalysisRunner static constructor.
RoslynAnalysisRunner will not be running.
RoslynAnalysisRunner has terminated.
Mono: successfully reloaded assembly
- Completed reload, in  1.037 seconds
Platform modules already initialized, skipping
Refreshing native plugins compatible for Editor in 0.99 ms, found 1 plugins.
Preloading 0 native plugins for Editor in 0.00 ms.
Unloading 1791 Unused Serialized files (Serialized files now loaded: 0)
System memory in use before: 85.5 MB.
System memory in use after: 85.5 MB.

Unloading 13 unused Assets to reduce memory usage. Loaded Objects now: 2253.
Total: 3.444411 ms (FindLiveObjects: 0.406261 ms CreateObjectMapping: 0.111305 ms MarkObjects: 2.800700 ms  DeleteObjects: 0.122899 ms)

========================================================================
Received Prepare
Registering precompiled user dll's ...
Registered in 0.001179 seconds.
Begin MonoManager ReloadAssembly
Native extension for WindowsStandalone target not found
Refreshing native plugins compatible for Editor in 0.34 ms, found 1 plugins.
Preloading 0 native plugins for Editor in 0.00 ms.
Invoked RoslynAnalysisRunner static constructor.
RoslynAnalysisRunner will not be running.
RoslynAnalysisRunner has terminated.
Mono: successfully reloaded assembly
- Completed reload, in  0.968 seconds
Platform modules already initialized, skipping
Refreshing native plugins compatible for Editor in 0.39 ms, found 1 plugins.
Preloading 0 native plugins for Editor in 0.00 ms.
Unloading 1791 Unused Serialized files (Serialized files now loaded: 0)
System memory in use before: 85.6 MB.
System memory in use after: 85.6 MB.

Unloading 12 unused Assets to reduce memory usage. Loaded Objects now: 2256.
Total: 2.056814 ms (FindLiveObjects: 0.202667 ms CreateObjectMapping: 0.069102 ms MarkObjects: 1.683944 ms  DeleteObjects: 0.099710 ms)

========================================================================
Received Prepare
Registering precompiled user dll's ...
Registered in 0.001195 seconds.
Begin MonoManager ReloadAssembly
Native extension for WindowsStandalone target not found
Refreshing native plugins compatible for Editor in 0.77 ms, found 1 plugins.
Preloading 0 native plugins for Editor in 0.00 ms.
Invoked RoslynAnalysisRunner static constructor.
RoslynAnalysisRunner will not be running.
RoslynAnalysisRunner has terminated.
Mono: successfully reloaded assembly
- Completed reload, in  1.041 seconds
Platform modules already initialized, skipping
Refreshing native plugins compatible for Editor in 0.34 ms, found 1 plugins.
Preloading 0 native plugins for Editor in 0.00 ms.
Unloading 1791 Unused Serialized files (Serialized files now loaded: 0)
System memory in use before: 85.7 MB.
System memory in use after: 85.7 MB.

Unloading 12 unused Assets to reduce memory usage. Loaded Objects now: 2259.
Total: 2.585511 ms (FindLiveObjects: 0.286609 ms CreateObjectMapping: 0.078841 ms MarkObjects: 2.017858 ms  DeleteObjects: 0.199421 ms)

========================================================================
Received Prepare
Registering precompiled user dll's ...
Registered in 0.002103 seconds.
Begin MonoManager ReloadAssembly
Native extension for WindowsStandalone target not found
Refreshing native plugins compatible for Editor in 0.67 ms, found 1 plugins.
Preloading 0 native plugins for Editor in 0.00 ms.
Invoked RoslynAnalysisRunner static constructor.
RoslynAnalysisRunner will not be running.
RoslynAnalysisRunner has terminated.
Mono: successfully reloaded assembly
- Completed reload, in  1.163 seconds
Platform modules already initialized, skipping
Refreshing native plugins compatible for Editor in 0.44 ms, found 1 plugins.
Preloading 0 native plugins for Editor in 0.00 ms.
Unloading 1791 Unused Serialized files (Serialized files now loaded: 0)
System memory in use before: 85.8 MB.
System memory in use after: 85.8 MB.

Unloading 12 unused Assets to reduce memory usage. Loaded Objects now: 2262.
Total: 3.774614 ms (FindLiveObjects: 0.755479 ms CreateObjectMapping: 0.309798 ms MarkObjects: 2.576699 ms  DeleteObjects: 0.130319 ms)

========================================================================
Received Import Request.
  Time since last request: 2577.563250 seconds.
  path: Assets/Script/AchievementController.cs
  artifactKey: Guid(22aabf785e993c04299d34870450361f) Importer(815301076,1909f56bfc062723c751e8b465ee728b)
Start importing Assets/Script/AchievementController.cs using Guid(22aabf785e993c04299d34870450361f) Importer(815301076,1909f56bfc062723c751e8b465ee728b)  -> (artifact id: '1198300eb6f078f1dad27984302886fb') in 0.140059 seconds
  Import took 0.144949 seconds .

========================================================================
Received Prepare
Registering precompiled user dll's ...
Registered in 0.001037 seconds.
Begin MonoManager ReloadAssembly
Native extension for WindowsStandalone target not found
Refreshing native plugins compatible for Editor in 0.61 ms, found 1 plugins.
Preloading 0 native plugins for Editor in 0.00 ms.
Invoked RoslynAnalysisRunner static constructor.
RoslynAnalysisRunner will not be running.
RoslynAnalysisRunner has terminated.
Mono: successfully reloaded assembly
- Completed reload, in  1.157 seconds
Platform modules already initialized, skipping
Refreshing native plugins compatible for Editor in 0.71 ms, found 1 plugins.
Preloading 0 native plugins for Editor in 0.00 ms.
Unloading 1792 Unused Serialized files (Serialized files now loaded: 0)
System memory in use before: 85.9 MB.
System memory in use after: 85.9 MB.

Unloading 12 unused Assets to reduce memory usage. Loaded Objects now: 2266.
Total: 3.136932 ms (FindLiveObjects: 0.502725 ms CreateObjectMapping: 0.214261 ms MarkObjects: 2.304467 ms  DeleteObjects: 0.113160 ms)

========================================================================
Received Prepare
Registering precompiled user dll's ...
Registered in 0.001209 seconds.
Begin MonoManager ReloadAssembly
Native extension for WindowsStandalone target not found
Refreshing native plugins compatible for Editor in 0.90 ms, found 1 plugins.
Preloading 0 native plugins for Editor in 0.00 ms.
Invoked RoslynAnalysisRunner static constructor.
RoslynAnalysisRunner will not be running.
RoslynAnalysisRunner has terminated.
Mono: successfully reloaded assembly
- Completed reload, in  1.142 seconds
Platform modules already initialized, skipping
Refreshing native plugins compatible for Editor in 0.43 ms, found 1 plugins.
Preloading 0 native plugins for Editor in 0.00 ms.
Unloading 1792 Unused Serialized files (Serialized files now loaded: 0)
System memory in use before: 86.0 MB.
System memory in use after: 86.0 MB.

Unloading 12 unused Assets to reduce memory usage. Loaded Objects now: 2269.
Total: 2.816004 ms (FindLiveObjects: 0.212406 ms CreateObjectMapping: 0.066319 ms MarkObjects: 2.344815 ms  DeleteObjects: 0.191073 ms)

========================================================================
Received Prepare
Registering precompiled user dll's ...
Registered in 0.001283 seconds.
Begin MonoManager ReloadAssembly
Native extension for WindowsStandalone target not found
Refreshing native plugins compatible for Editor in 0.32 ms, found 1 plugins.
Preloading 0 native plugins for Editor in 0.00 ms.
Invoked RoslynAnalysisRunner static constructor.
RoslynAnalysisRunner will not be running.
RoslynAnalysisRunner has terminated.
Mono: successfully reloaded assembly
- Completed reload, in  0.933 seconds
Platform modules already initialized, skipping
Refreshing native plugins compatible for Editor in 0.36 ms, found 1 plugins.
Preloading 0 native plugins for Editor in 0.00 ms.
Unloading 1792 Unused Serialized files (Serialized files now loaded: 0)
System memory in use before: 86.1 MB.
System memory in use after: 86.1 MB.

Unloading 12 unused Assets to reduce memory usage. Loaded Objects now: 2272.
Total: 1.887075 ms (FindLiveObjects: 0.207768 ms CreateObjectMapping: 0.065391 ms MarkObjects: 1.510959 ms  DeleteObjects: 0.102029 ms)

========================================================================
Received Prepare
Registering precompiled user dll's ...
Registered in 0.001095 seconds.
Begin MonoManager ReloadAssembly
Native extension for WindowsStandalone target not found
Refreshing native plugins compatible for Editor in 0.34 ms, found 1 plugins.
Preloading 0 native plugins for Editor in 0.00 ms.
Invoked RoslynAnalysisRunner static constructor.
RoslynAnalysisRunner will not be running.
RoslynAnalysisRunner has terminated.
Mono: successfully reloaded assembly
- Completed reload, in  0.928 seconds
Platform modules already initialized, skipping
Refreshing native plugins compatible for Editor in 0.35 ms, found 1 plugins.
Preloading 0 native plugins for Editor in 0.00 ms.
Unloading 1792 Unused Serialized files (Serialized files now loaded: 0)
System memory in use before: 86.2 MB.
System memory in use after: 86.2 MB.

Unloading 12 unused Assets to reduce memory usage. Loaded Objects now: 2275.
Total: 1.995597 ms (FindLiveObjects: 0.174841 ms CreateObjectMapping: 0.070029 ms MarkObjects: 1.642669 ms  DeleteObjects: 0.107131 ms)

